<?xml version="1.0" encoding="UTF-8"?>
<!-- Generated by org.testng.reporters.JUnitReportReporter -->
<testsuite hostname="DESKTOP-OLMI7T4" failures="0" tests="1" name="automation30days.day1.Login_Test" time="9.189" errors="0" timestamp="2025-08-10T11:17:46 WAT" skipped="0">
  <testcase classname="automation30days.day1.Login_Test" name="loginTest" time="9.189"/>
</testsuite> <!-- automation30days.day1.Login_Test -->
