<?xml version="1.0" encoding="UTF-8"?>
<!-- Generated by org.testng.reporters.JUnitReportReporter -->
<testsuite hostname="DESKTOP-OLMI7T4" failures="0" tests="2" name="automation30days.day1.DatePicker" time="4.214" errors="0" timestamp="2025-08-18T21:58:46 WAT" skipped="0">
  <testcase classname="automation30days.day1.DatePicker" name="datePickerTest1" time="3.391"/>
  <testcase classname="automation30days.day1.DatePicker" name="datePickerTest2" time="0.823"/>
</testsuite> <!-- automation30days.day1.DatePicker -->
