<?xml version="1.0" encoding="UTF-8"?>
<!-- Generated by org.testng.reporters.JUnitReportReporter -->
<testsuite hostname="DESKTOP-OLMI7T4" failures="0" tests="1" name="automation30days.day1.Checkbox_Test" time="8.210" errors="0" timestamp="2025-08-10T12:08:40 WAT" skipped="0">
  <testcase classname="automation30days.day1.Checkbox_Test" name="checkboxTest" time="8.210"/>
</testsuite> <!-- automation30days.day1.Checkbox_Test -->
