<?xml version="1.0" encoding="UTF-8"?>
<!-- Generated by org.testng.reporters.JUnitReportReporter -->
<testsuite hostname="DESKTOP-OLMI7T4" failures="0" tests="2" name="automation30days.day1.KeyboardTest" time="11.547" errors="0" timestamp="2025-08-17T10:29:55 WAT" skipped="0">
  <testcase classname="automation30days.day1.KeyboardTest" name="keyBoardTest" time="5.557"/>
  <testcase classname="automation30days.day1.KeyboardTest" name="dragAndDropTest" time="5.990"/>
</testsuite> <!-- automation30days.day1.KeyboardTest -->
