<?xml version="1.0" encoding="UTF-8"?>
<!-- Generated by org.testng.reporters.JUnitReportReporter -->
<testsuite hostname="DESKTOP-OLMI7T4" failures="0" tests="3" name="automation30days.day1.MouseOverTest" time="22.213" errors="0" timestamp="2025-08-16T22:16:01 WAT" skipped="0">
  <testcase classname="automation30days.day1.MouseOverTest" name="mouseover" time="15.081"/>
  <testcase classname="automation30days.day1.MouseOverTest" name="contextClickTest" time="0.754"/>
  <testcase classname="automation30days.day1.MouseOverTest" name="moveOverandContextClickTest" time="6.378"/>
</testsuite> <!-- automation30days.day1.MouseOverTest -->
