<?xml version="1.0" encoding="UTF-8"?>
<!-- Generated by org.testng.reporters.JUnitReportReporter -->
<testsuite hostname="DESKTOP-OLMI7T4" failures="0" tests="1" name="automation30days.day1.Alert_Test" time="20.551" errors="0" timestamp="2025-08-14T22:14:00 WAT" skipped="0">
  <testcase classname="automation30days.day1.Alert_Test" name="dropdownTest" time="20.551"/>
</testsuite> <!-- automation30days.day1.Alert_Test -->
