<?xml version="1.0" encoding="UTF-8"?>
<!-- Generated by org.testng.reporters.JUnitReportReporter -->
<testsuite hostname="DESKTOP-OLMI7T4" failures="0" tests="2" name="automation30days.day1.FileUploadTest" time="8.823" errors="0" timestamp="2025-08-17T12:22:18 WAT" skipped="0">
  <testcase classname="automation30days.day1.FileUploadTest" name="fileUploadTest" time="6.939"/>
  <testcase classname="automation30days.day1.FileUploadTest" name="multipleUploadTest" time="1.884"/>
</testsuite> <!-- automation30days.day1.FileUploadTest -->
