<?xml version="1.0" encoding="UTF-8"?>
<!-- Generated by org.testng.reporters.JUnitReportReporter -->
<testsuite hostname="DESKTOP-OLMI7T4" failures="0" tests="1" name="automation30days.day1.FrameTest" time="6.622" errors="0" timestamp="2025-08-15T00:03:00 WAT" skipped="0">
  <testcase classname="automation30days.day1.FrameTest" name="frameTest" time="6.622"/>
</testsuite> <!-- automation30days.day1.FrameTest -->
